2025-04-27T16:19:42.047Z - Company verification check: 111111111 - Verified
2025-04-27T16:19:51.369Z - Company verification check: 111111118 - Not verified
2025-04-27T16:20:02.777Z - Company verification check: 111111114 - Not verified
2025-04-27T16:20:08.401Z - Company verification check: 111111111 - Verified
2025-04-27T16:21:37.609Z - Company verification check: 333333612 - Verified
2025-04-27T16:23:07.595Z - Company verification check: 333333612 - Verified
2025-04-27T16:26:28.644Z - Company verification check: 333333612 - Verified
2025-04-27T16:27:14.991Z - Company verification check: 333333612 - Verified
2025-04-27T16:30:41.924Z - Company verification check: 333333612 - Verified
2025-04-27T16:42:41.256Z - Company verification check: 333333612 - Verified
2025-04-27T16:42:45.718Z - Company verification check: 333333612 - Verified
2025-04-27T16:43:16.044Z - Company verification check: 333333612 - Verified
2025-04-27T16:43:16.324Z - New company registered: New Company Test (333333612)
2025-04-27T16:43:43.093Z - Company verification check: 090909090 - Not verified
2025-04-27T16:43:59.848Z - Company verification check: 088888888 - Not verified
2025-04-27T16:44:29.759Z - Company verification check: 333333321 - Verified
2025-04-27T16:44:42.681Z - Company verification check: 333333321 - Verified
2025-04-27T16:44:42.968Z - New company registered: New Company Test88 (333333321)
2025-04-27T16:44:51.946Z - Company verification check: 333333329 - Not verified
2025-04-27T17:00:01.207Z - Company verification check: 111111111 - Verified
2025-04-27T17:00:01.714Z - New company registered: New Company Test88 (111111111)
2025-04-29T18:23:45.313Z - Company verification check: 111111111 - Verified
2025-04-29T18:23:49.889Z - Company verification check: 111111111 - Verified
2025-04-29T18:23:59.874Z - Company verification check: 111111187 - Not verified
2025-04-29T18:25:01.224Z - Company verification check: 111111111 - Verified
2025-04-29T18:37:57.699Z - Company verification check: 111111111 - Verified
2025-04-29T18:40:02.852Z - Company verification check: 111111111 - Verified
2025-04-29T18:40:22.520Z - Company verification check: 333333777 - Verified
2025-04-29T20:05:50.439Z - Company verification check: 333333777 - Verified
2025-04-29T20:05:51.037Z - New company registered: amazon (333333777)
2025-04-29T20:38:02.914Z - Company verification check: 222222222 - Verified
2025-04-29T20:56:42.846Z - Company verification check: 222222222 - Verified
2025-04-30T10:41:11.001Z - Company verification check: 222222222 - Verified
2025-04-30T10:41:11.403Z - New company registered: intrasoft (222222222)
2025-04-30T10:44:15.334Z - Company verification check: 222222222 - Verified
2025-04-30T11:39:47.966Z - Company verification check: 222222222 - Verified
2025-04-30T13:53:23.542Z - Company verification check: 222222222 - Verified
2025-04-30T13:53:23.907Z - New company registered: intrasoft (222222222)
2025-04-30T13:55:41.117Z - Company verification check: 333333777 - Verified
2025-04-30T13:55:41.393Z - New company registered: amazon (333333777)
2025-05-02T11:50:51.802Z - Company verification check: 333333612 - Verified
2025-05-02T12:13:42.292Z - Company verification check: 333336666 - Verified
2025-05-02T12:13:42.625Z - New company registered: IT-Service (333336666)
2025-05-02T16:41:53.391Z - Company al rajaa created training post: QA training
2025-05-02T18:01:37.375Z - Company intrasoft created training post: AI training
2025-05-02T18:16:02.241Z - Student Mahmoud Jehad Hamdan Hadrab (undefined) applied for training post 68150881e3d5895b15a4fa2b
2025-05-02T18:43:13.370Z - Student Mahmoud Jehad Hamdan Hadrab (undefined) applied for training post 6814f5d120f18391a6af8b34
2025-05-02T18:50:33.723Z - Company intrasoft created training post: SW ENG
2025-05-02T18:53:47.392Z - Student Deema Rabee Tawfiq Abu Hassouneh (undefined) applied for training post 6814f5d120f18391a6af8b34
2025-05-02T19:53:06.390Z - Student Mahmoud Jehad Hamdan Hadrab (undefined) selected application 68151241e3d5895b15a4fa41
2025-05-02T20:15:01.946Z - Official document submitted for student Mahmoud Jehad Hamdan Hadrab (undefined)
2025-05-03T12:40:24.237Z - Company intrasoft updated training post: 681513f9e3d5895b15a4fa4c
2025-05-03T12:43:21.815Z - Company intrasoft deleted training post: 681513f9e3d5895b15a4fa4c
2025-05-03T12:49:41.521Z - Company intrasoft deleted training post: 68150881e3d5895b15a4fa2b
2025-05-03T14:14:44.645Z - Company verification check: 222222222 - Verified
2025-05-03T14:51:43.926Z - Company verification check: 333336666 - Verified
2025-05-03T14:52:53.505Z - Company verification check: 333336666 - Verified
2025-05-03T14:52:53.836Z - New company registered: IT-Service (333336666)
2025-05-03T14:54:16.023Z - Company IT-Service created training post: Quality Assurance
2025-05-03T15:01:44.350Z - Company profile updated: It service (333336666)
2025-05-03T15:09:58.392Z - Student Deema Rabee Tawfiq Abu Hassouneh (undefined) applied for training post 68162e176e89de52954d65f9
2025-05-03T15:15:08.151Z - Student Deema Rabee Tawfiq Abu Hassouneh (undefined) selected application 681631c66e89de52954d660e
2025-05-03T15:18:09.668Z - Official document submitted for student Deema Rabee Tawfiq Abu Hassouneh (undefined)
2025-05-03T16:36:34.044Z - Student Deema Rabee Tawfiq Abu Hassouneh (undefined) submitted final report
2025-05-04T08:48:51.942Z - Company verification check: 111111111 - Verified
2025-05-04T08:50:28.149Z - Company verification check: 222222222 - Verified
2025-05-04T09:12:48.231Z - Company verification check: 333336543 - Verified
